cargo :     Checking urn-acoustics-backend v0.1.0 (D:\SOLO-2\AI_solo_coder_task
_A_155\backend)
所在位置 行:1 字符: 89
+ ... d:\SOLO-2\AI_solo_coder_task_A_155\backend ; cargo check 2>&1 | Out-F ...
+                                                  ~~~~~~~~~~~~~~~~
    + CategoryInfo          : NotSpecified: (    Checking ur..._A_155\backend) 
   :String) [], RemoteException
    + FullyQualifiedErrorId : NativeCommandError
 
error[E0433]: cannot find module or crate `tower_http` in this scope
  --> src\main.rs:27:5
   |
27 | use tower_http::cors::{Any, CorsLayer};
   |     ^^^^^^^^^^ use of unresolved module or unlinked crate `tower_http`
   |
   = help: if you wanted to use a crate named `tower_http`, use `cargo add towe
r_http` to add it to your `Cargo.toml`

error[E0433]: cannot find module or crate `tower_http` in this scope
  --> src\main.rs:28:5
   |
28 | use tower_http::services::ServeDir;
   |     ^^^^^^^^^^ use of unresolved module or unlinked crate `tower_http`
   |
   = help: if you wanted to use a crate named `tower_http`, use `cargo add towe
r_http` to add it to your `Cargo.toml`

warning: unused import: `debug`
  --> src\alarm_ws.rs:10:15
   |
10 | use tracing::{debug, error, info, warn};
   |               ^^^^^
   |
   = note: `#[warn(unused_imports)]` (part of `#[warn(unused)]`) on by default

error[E0560]: struct `MediumProperty` has no field named `display_name`
   --> src\handlers.rs:127:13
    |
127 |             display_name: m.display_name.clone(),
    |             ^^^^^^^^^^^^ `MediumProperty` does not have this field
    |
    = note: all struct fields are already assigned

error[E0560]: struct `MediumProperty` has no field named `depth_start`
   --> src\handlers.rs:131:13
    |
131 |             depth_start: m.depth_start,
    |             ^^^^^^^^^^^ `MediumProperty` does not have this field
    |
    = note: all struct fields are already assigned

error[E0560]: struct `MediumProperty` has no field named `thickness`
   --> src\handlers.rs:132:13
    |
132 |             thickness: m.thickness,
    |             ^^^^^^^^^ `MediumProperty` does not have this field
    |
    = note: all struct fields are already assigned

error[E0599]: no method named `check_resonance_anomaly` found for struct `Acous
ticAnalyzer` in the current scope
   --> src\handlers.rs:181:31
    |
181 |     let is_anomaly = analyzer.check_resonance_anomaly(frequency, theoreti
cal_freq);
    |                               ^^^^^^^^^^^^^^^^^^^^^^^ method not found in
 `AcousticAnalyzer`
    |
   ::: src\acoustics.rs:583:1
    |
583 | pub struct AcousticAnalyzer {
    | --------------------------- method `check_resonance_anomaly` not found fo
r this struct

error[E0308]: mismatched types
   --> src\store.rs:31:20
    |
 31 |             .write(reading.timestamp)
    |              ----- ^^^^^^^^^^^^^^^^^ expected `&_`, found `DateTime<Utc>`
    |              |
    |              arguments to this method are incorrect
    |
    = note: expected reference `&_`
                  found struct `DateTime<Utc>`
note: method defined here
   --> C:\Users\y\.cargo\registry\src\index.crates.io-1949cf8c6b5b557f\clickhou
se-0.11.6\src\insert.rs:154:12
    |
154 |     pub fn write<'a>(&'a mut self, row: &T) -> impl Future<Output = Resul
t<()>> + 'a + Send
    |            ^^^^^
help: consider borrowing here
    |
 31 |             .write(&reading.timestamp)
    |                    +

error[E0599]: no method named `write` found for opaque type `impl Future<Output
 = Result<(), Error>> + Send` in the current scope
  --> src\store.rs:32:14
   |
30 |           inserter
   |           --------
   |           |
   |  _________method `write` is available on `&mut Insert<_>`
   | |
31 | |             .write(reading.timestamp)
32 | |             .write(reading.device_id)
   | |             -^^^^^ method not found in `impl Future<Output = Result<(), 
Error>> + Send`
   | |_____________|
   |
   |
   = note: the full name for the type has been written to 'D:\SOLO-2\AI_solo_co
der_task_A_155\backend\target\debug\deps\urn_acoustics_backend-4c1c080928bec50c
.long-type-9333867931170925867.txt'
   = note: consider using `--verbose` to print the full type name to the consol
e

error[E0308]: mismatched types
   --> src\store.rs:53:20
    |
 53 |             .write(analysis.timestamp)
    |              ----- ^^^^^^^^^^^^^^^^^^ expected `&_`, found `DateTime<Utc>
`
    |              |
    |              arguments to this method are incorrect
    |
    = note: expected reference `&_`
                  found struct `DateTime<Utc>`
note: method defined here
   --> C:\Users\y\.cargo\registry\src\index.crates.io-1949cf8c6b5b557f\clickhou
se-0.11.6\src\insert.rs:154:12
    |
154 |     pub fn write<'a>(&'a mut self, row: &T) -> impl Future<Output = Resul
t<()>> + 'a + Send
    |            ^^^^^
help: consider borrowing here
    |
 53 |             .write(&analysis.timestamp)
    |                    +

error[E0599]: no method named `write` found for opaque type `impl Future<Output
 = Result<(), Error>> + Send` in the current scope
  --> src\store.rs:54:14
   |
52 |           inserter
   |           --------
   |           |
   |  _________method `write` is available on `&mut Insert<_>`
   | |
53 | |             .write(analysis.timestamp)
54 | |             .write(analysis.device_id)
   | |             -^^^^^ method not found in `impl Future<Output = Result<(), 
Error>> + Send`
   | |_____________|
   |
   |
   = note: the full name for the type has been written to 'D:\SOLO-2\AI_solo_co
der_task_A_155\backend\target\debug\deps\urn_acoustics_backend-4c1c080928bec50c
.long-type-9333867931170925867.txt'
   = note: consider using `--verbose` to print the full type name to the consol
e

error[E0308]: mismatched types
   --> src\store.rs:78:20
    |
 78 |             .write(loc.timestamp)
    |              ----- ^^^^^^^^^^^^^ expected `&_`, found `DateTime<Utc>`
    |              |
    |              arguments to this method are incorrect
    |
    = note: expected reference `&_`
                  found struct `DateTime<Utc>`
note: method defined here
   --> C:\Users\y\.cargo\registry\src\index.crates.io-1949cf8c6b5b557f\clickhou
se-0.11.6\src\insert.rs:154:12
    |
154 |     pub fn write<'a>(&'a mut self, row: &T) -> impl Future<Output = Resul
t<()>> + 'a + Send
    |            ^^^^^
help: consider borrowing here
    |
 78 |             .write(&loc.timestamp)
    |                    +

error[E0599]: no method named `write` found for opaque type `impl Future<Output
 = Result<(), Error>> + Send` in the current scope
  --> src\store.rs:79:14
   |
77 |           inserter
   |           --------
   |           |
   |  _________method `write` is available on `&mut Insert<_>`
   | |
78 | |             .write(loc.timestamp)
79 | |             .write(loc.source_id)
   | |             -^^^^^ method not found in `impl Future<Output = Result<(), 
Error>> + Send`
   | |_____________|
   |
   |
   = note: the full name for the type has been written to 'D:\SOLO-2\AI_solo_co
der_task_A_155\backend\target\debug\deps\urn_acoustics_backend-4c1c080928bec50c
.long-type-938084737561625923.txt'
   = note: consider using `--verbose` to print the full type name to the consol
e

error[E0308]: mismatched types
   --> src\store.rs:101:20
    |
101 |             .write(alert.timestamp)
    |              ----- ^^^^^^^^^^^^^^^ expected `&_`, found `DateTime<Utc>`
    |              |
    |              arguments to this method are incorrect
    |
    = note: expected reference `&_`
                  found struct `DateTime<Utc>`
note: method defined here
   --> C:\Users\y\.cargo\registry\src\index.crates.io-1949cf8c6b5b557f\clickhou
se-0.11.6\src\insert.rs:154:12
    |
154 |     pub fn write<'a>(&'a mut self, row: &T) -> impl Future<Output = Resul
t<()>> + 'a + Send
    |            ^^^^^
help: consider borrowing here
    |
101 |             .write(&alert.timestamp)
    |                    +

error[E0599]: no method named `write` found for opaque type `impl Future<Output
 = Result<(), Error>> + Send` in the current scope
   --> src\store.rs:102:14
    |
100 |           inserter
    |           --------
    |           |
    |  _________method `write` is available on `&mut Insert<_>`
    | |
101 | |             .write(alert.timestamp)
102 | |             .write(alert.alert_id)
    | |             -^^^^^ method not found in `impl Future<Output = Result<(),
 Error>> + Send`
    | |_____________|
    |
    |
    = note: the full name for the type has been written to 'D:\SOLO-2\AI_solo_c
oder_task_A_155\backend\target\debug\deps\urn_acoustics_backend-4c1c080928bec50
c.long-type-9333867931170925867.txt'
    = note: consider using `--verbose` to print the full type name to the conso
le

error[E0277]: the trait bound `UrnDevice: Row` is not satisfied
   --> src\store.rs:121:26
    |
121 |             .fetch_all::<UrnDevice>()
    |              ---------   ^^^^^^^^^ unsatisfied trait bound
    |              |
    |              required by a bound introduced by this call
    |
help: the trait `clickhouse::row::Primitive` is not implemented for `UrnDevice`
   --> src\models.rs:18:1
    |
 18 | pub struct UrnDevice {
    | ^^^^^^^^^^^^^^^^^^^^
    = help: the following other types implement trait `clickhouse::row::Primiti
ve`:
              ()
              bool
              f32
              f64
              i128
              i16
              i32
              i64
            and 9 others
    = note: required for `UrnDevice` to implement `Row`
note: required by a bound in `clickhouse::query::Query::fetch_all`
   --> C:\Users\y\.cargo\registry\src\index.crates.io-1949cf8c6b5b557f\clickhou
se-0.11.6\src\query.rs:106:12
    |
104 |     pub async fn fetch_all<T>(self) -> Result<Vec<T>>
    |                  --------- required by a bound in this associated functio
n
105 |     where
106 |         T: Row + for<'b> Deserialize<'b>,
    |            ^^^ required by this bound in `Query::fetch_all`

error[E0277]: the trait bound `UrnDevice: clickhouse::row::Primitive` is not sa
tisfied
   --> src\store.rs:119:23
    |
119 |           let devices = self.client
    |  _______________________^
120 | |             .query(query)
121 | |             .fetch_all::<UrnDevice>()
    | |_____________________________________^ unsatisfied trait bound
    |
help: the trait `clickhouse::row::Primitive` is not implemented for `UrnDevice`
   --> src\models.rs:18:1
    |
 18 | pub struct UrnDevice {
    | ^^^^^^^^^^^^^^^^^^^^
    = help: the following other types implement trait `clickhouse::row::Primiti
ve`:
              ()
              bool
              f32
              f64
              i128
              i16
              i32
              i64
            and 9 others
    = note: required for `UrnDevice` to implement `Row`
note: required by a bound in `clickhouse::query::Query::fetch_all`
   --> C:\Users\y\.cargo\registry\src\index.crates.io-1949cf8c6b5b557f\clickhou
se-0.11.6\src\query.rs:106:12
    |
104 |     pub async fn fetch_all<T>(self) -> Result<Vec<T>>
    |                  --------- required by a bound in this associated functio
n
105 |     where
106 |         T: Row + for<'b> Deserialize<'b>,
    |            ^^^ required by this bound in `Query::fetch_all`

error[E0277]: the trait bound `UrnDevice: clickhouse::row::Primitive` is not sa
tisfied
   --> src\store.rs:122:14
    |
122 |             .await?;
    |              ^^^^^ unsatisfied trait bound
    |
help: the trait `clickhouse::row::Primitive` is not implemented for `UrnDevice`
   --> src\models.rs:18:1
    |
 18 | pub struct UrnDevice {
    | ^^^^^^^^^^^^^^^^^^^^
    = help: the following other types implement trait `clickhouse::row::Primiti
ve`:
              ()
              bool
              f32
              f64
              i128
              i16
              i32
              i64
            and 9 others
    = note: required for `UrnDevice` to implement `Row`
note: required by a bound in `clickhouse::query::Query::fetch_all`
   --> C:\Users\y\.cargo\registry\src\index.crates.io-1949cf8c6b5b557f\clickhou
se-0.11.6\src\query.rs:106:12
    |
104 |     pub async fn fetch_all<T>(self) -> Result<Vec<T>>
    |                  --------- required by a bound in this associated functio
n
105 |     where
106 |         T: Row + for<'b> Deserialize<'b>,
    |            ^^^ required by this bound in `Query::fetch_all`

error[E0277]: the trait bound `SensorReading: Row` is not satisfied
   --> src\store.rs:151:26
    |
151 |             .fetch_all::<SensorReading>()
    |              ---------   ^^^^^^^^^^^^^ unsatisfied trait bound
    |              |
    |              required by a bound introduced by this call
    |
help: the trait `clickhouse::row::Primitive` is not implemented for `SensorRead
ing`
   --> src\models.rs:6:1
    |
  6 | pub struct SensorReading {
    | ^^^^^^^^^^^^^^^^^^^^^^^^
    = help: the following other types implement trait `clickhouse::row::Primiti
ve`:
              ()
              bool
              f32
              f64
              i128
              i16
              i32
              i64
            and 9 others
    = note: required for `SensorReading` to implement `Row`
note: required by a bound in `clickhouse::query::Query::fetch_all`
   --> C:\Users\y\.cargo\registry\src\index.crates.io-1949cf8c6b5b557f\clickhou
se-0.11.6\src\query.rs:106:12
    |
104 |     pub async fn fetch_all<T>(self) -> Result<Vec<T>>
    |                  --------- required by a bound in this associated functio
n
105 |     where
106 |         T: Row + for<'b> Deserialize<'b>,
    |            ^^^ required by this bound in `Query::fetch_all`

error[E0277]: the trait bound `SensorReading: clickhouse::row::Primitive` is no
t satisfied
   --> src\store.rs:149:24
    |
149 |           let readings = self.client
    |  ________________________^
150 | |             .query(&query)
151 | |             .fetch_all::<SensorReading>()
    | |_________________________________________^ unsatisfied trait bound
    |
help: the trait `clickhouse::row::Primitive` is not implemented for `SensorRead
ing`
   --> src\models.rs:6:1
    |
  6 | pub struct SensorReading {
    | ^^^^^^^^^^^^^^^^^^^^^^^^
    = help: the following other types implement trait `clickhouse::row::Primiti
ve`:
              ()
              bool
              f32
              f64
              i128
              i16
              i32
              i64
            and 9 others
    = note: required for `SensorReading` to implement `Row`
note: required by a bound in `clickhouse::query::Query::fetch_all`
   --> C:\Users\y\.cargo\registry\src\index.crates.io-1949cf8c6b5b557f\clickhou
se-0.11.6\src\query.rs:106:12
    |
104 |     pub async fn fetch_all<T>(self) -> Result<Vec<T>>
    |                  --------- required by a bound in this associated functio
n
105 |     where
106 |         T: Row + for<'b> Deserialize<'b>,
    |            ^^^ required by this bound in `Query::fetch_all`

error[E0277]: the trait bound `SensorReading: clickhouse::row::Primitive` is no
t satisfied
   --> src\store.rs:152:14
    |
152 |             .await?;
    |              ^^^^^ unsatisfied trait bound
    |
help: the trait `clickhouse::row::Primitive` is not implemented for `SensorRead
ing`
   --> src\models.rs:6:1
    |
  6 | pub struct SensorReading {
    | ^^^^^^^^^^^^^^^^^^^^^^^^
    = help: the following other types implement trait `clickhouse::row::Primiti
ve`:
              ()
              bool
              f32
              f64
              i128
              i16
              i32
              i64
            and 9 others
    = note: required for `SensorReading` to implement `Row`
note: required by a bound in `clickhouse::query::Query::fetch_all`
   --> C:\Users\y\.cargo\registry\src\index.crates.io-1949cf8c6b5b557f\clickhou
se-0.11.6\src\query.rs:106:12
    |
104 |     pub async fn fetch_all<T>(self) -> Result<Vec<T>>
    |                  --------- required by a bound in this associated functio
n
105 |     where
106 |         T: Row + for<'b> Deserialize<'b>,
    |            ^^^ required by this bound in `Query::fetch_all`

error[E0277]: the trait bound `MediumProperty: Row` is not satisfied
   --> src\store.rs:161:26
    |
161 |             .fetch_all::<MediumProperty>()
    |              ---------   ^^^^^^^^^^^^^^ unsatisfied trait bound
    |              |
    |              required by a bound introduced by this call
    |
help: the trait `clickhouse::row::Primitive` is not implemented for `MediumProp
erty`
   --> src\models.rs:88:1
    |
 88 | pub struct MediumProperty {
    | ^^^^^^^^^^^^^^^^^^^^^^^^^
    = help: the following other types implement trait `clickhouse::row::Primiti
ve`:
              ()
              bool
              f32
              f64
              i128
              i16
              i32
              i64
            and 9 others
    = note: required for `MediumProperty` to implement `Row`
note: required by a bound in `clickhouse::query::Query::fetch_all`
   --> C:\Users\y\.cargo\registry\src\index.crates.io-1949cf8c6b5b557f\clickhou
se-0.11.6\src\query.rs:106:12
    |
104 |     pub async fn fetch_all<T>(self) -> Result<Vec<T>>
    |                  --------- required by a bound in this associated functio
n
105 |     where
106 |         T: Row + for<'b> Deserialize<'b>,
    |            ^^^ required by this bound in `Query::fetch_all`

error[E0277]: the trait bound `MediumProperty: clickhouse::row::Primitive` is n
ot satisfied
   --> src\store.rs:159:21
    |
159 |           let props = self.client
    |  _____________________^
160 | |             .query(query)
161 | |             .fetch_all::<MediumProperty>()
    | |__________________________________________^ unsatisfied trait bound
    |
help: the trait `clickhouse::row::Primitive` is not implemented for `MediumProp
erty`
   --> src\models.rs:88:1
    |
 88 | pub struct MediumProperty {
    | ^^^^^^^^^^^^^^^^^^^^^^^^^
    = help: the following other types implement trait `clickhouse::row::Primiti
ve`:
              ()
              bool
              f32
              f64
              i128
              i16
              i32
              i64
            and 9 others
    = note: required for `MediumProperty` to implement `Row`
note: required by a bound in `clickhouse::query::Query::fetch_all`
   --> C:\Users\y\.cargo\registry\src\index.crates.io-1949cf8c6b5b557f\clickhou
se-0.11.6\src\query.rs:106:12
    |
104 |     pub async fn fetch_all<T>(self) -> Result<Vec<T>>
    |                  --------- required by a bound in this associated functio
n
105 |     where
106 |         T: Row + for<'b> Deserialize<'b>,
    |            ^^^ required by this bound in `Query::fetch_all`

error[E0277]: the trait bound `MediumProperty: clickhouse::row::Primitive` is n
ot satisfied
   --> src\store.rs:162:14
    |
162 |             .await?;
    |              ^^^^^ unsatisfied trait bound
    |
help: the trait `clickhouse::row::Primitive` is not implemented for `MediumProp
erty`
   --> src\models.rs:88:1
    |
 88 | pub struct MediumProperty {
    | ^^^^^^^^^^^^^^^^^^^^^^^^^
    = help: the following other types implement trait `clickhouse::row::Primiti
ve`:
              ()
              bool
              f32
              f64
              i128
              i16
              i32
              i64
            and 9 others
    = note: required for `MediumProperty` to implement `Row`
note: required by a bound in `clickhouse::query::Query::fetch_all`
   --> C:\Users\y\.cargo\registry\src\index.crates.io-1949cf8c6b5b557f\clickhou
se-0.11.6\src\query.rs:106:12
    |
104 |     pub async fn fetch_all<T>(self) -> Result<Vec<T>>
    |                  --------- required by a bound in this associated functio
n
105 |     where
106 |         T: Row + for<'b> Deserialize<'b>,
    |            ^^^ required by this bound in `Query::fetch_all`

error[E0277]: the trait bound `models::Alert: Row` is not satisfied
   --> src\store.rs:175:26
    |
175 |             .fetch_all::<Alert>()
    |              ---------   ^^^^^ unsatisfied trait bound
    |              |
    |              required by a bound introduced by this call
    |
help: the trait `clickhouse::row::Primitive` is not implemented for `models::Al
ert`
   --> src\models.rs:59:1
    |
 59 | pub struct Alert {
    | ^^^^^^^^^^^^^^^^
    = help: the following other types implement trait `clickhouse::row::Primiti
ve`:
              ()
              bool
              f32
              f64
              i128
              i16
              i32
              i64
            and 9 others
    = note: required for `models::Alert` to implement `Row`
note: required by a bound in `clickhouse::query::Query::fetch_all`
   --> C:\Users\y\.cargo\registry\src\index.crates.io-1949cf8c6b5b557f\clickhou
se-0.11.6\src\query.rs:106:12
    |
104 |     pub async fn fetch_all<T>(self) -> Result<Vec<T>>
    |                  --------- required by a bound in this associated functio
n
105 |     where
106 |         T: Row + for<'b> Deserialize<'b>,
    |            ^^^ required by this bound in `Query::fetch_all`

error[E0277]: the trait bound `models::Alert: clickhouse::row::Primitive` is no
t satisfied
   --> src\store.rs:173:22
    |
173 |           let alerts = self.client
    |  ______________________^
174 | |             .query(&query)
175 | |             .fetch_all::<Alert>()
    | |_________________________________^ unsatisfied trait bound
    |
help: the trait `clickhouse::row::Primitive` is not implemented for `models::Al
ert`
   --> src\models.rs:59:1
    |
 59 | pub struct Alert {
    | ^^^^^^^^^^^^^^^^
    = help: the following other types implement trait `clickhouse::row::Primiti
ve`:
              ()
              bool
              f32
              f64
              i128
              i16
              i32
              i64
            and 9 others
    = note: required for `models::Alert` to implement `Row`
note: required by a bound in `clickhouse::query::Query::fetch_all`
   --> C:\Users\y\.cargo\registry\src\index.crates.io-1949cf8c6b5b557f\clickhou
se-0.11.6\src\query.rs:106:12
    |
104 |     pub async fn fetch_all<T>(self) -> Result<Vec<T>>
    |                  --------- required by a bound in this associated functio
n
105 |     where
106 |         T: Row + for<'b> Deserialize<'b>,
    |            ^^^ required by this bound in `Query::fetch_all`

error[E0277]: the trait bound `models::Alert: clickhouse::row::Primitive` is no
t satisfied
   --> src\store.rs:176:14
    |
176 |             .await?;
    |              ^^^^^ unsatisfied trait bound
    |
help: the trait `clickhouse::row::Primitive` is not implemented for `models::Al
ert`
   --> src\models.rs:59:1
    |
 59 | pub struct Alert {
    | ^^^^^^^^^^^^^^^^
    = help: the following other types implement trait `clickhouse::row::Primiti
ve`:
              ()
              bool
              f32
              f64
              i128
              i16
              i32
              i64
            and 9 others
    = note: required for `models::Alert` to implement `Row`
note: required by a bound in `clickhouse::query::Query::fetch_all`
   --> C:\Users\y\.cargo\registry\src\index.crates.io-1949cf8c6b5b557f\clickhou
se-0.11.6\src\query.rs:106:12
    |
104 |     pub async fn fetch_all<T>(self) -> Result<Vec<T>>
    |                  --------- required by a bound in this associated functio
n
105 |     where
106 |         T: Row + for<'b> Deserialize<'b>,
    |            ^^^ required by this bound in `Query::fetch_all`

error[E0277]: the trait bound `SourceLocalizationResult: Row` is not satisfied
   --> src\store.rs:191:26
    |
191 |             .fetch_all::<SourceLocalizationResult>()
    |              ---------   ^^^^^^^^^^^^^^^^^^^^^^^^ unsatisfied trait bound
    |              |
    |              required by a bound introduced by this call
    |
help: the trait `clickhouse::row::Primitive` is not implemented for `SourceLoca
lizationResult`
   --> src\models.rs:43:1
    |
 43 | pub struct SourceLocalizationResult {
    | ^^^^^^^^^^^^^^^^^^^^^^^^^^^^^^^^^^^
    = help: the following other types implement trait `clickhouse::row::Primiti
ve`:
              ()
              bool
              f32
              f64
              i128
              i16
              i32
              i64
            and 9 others
    = note: required for `SourceLocalizationResult` to implement `Row`
note: required by a bound in `clickhouse::query::Query::fetch_all`
   --> C:\Users\y\.cargo\registry\src\index.crates.io-1949cf8c6b5b557f\clickhou
se-0.11.6\src\query.rs:106:12
    |
104 |     pub async fn fetch_all<T>(self) -> Result<Vec<T>>
    |                  --------- required by a bound in this associated functio
n
105 |     where
106 |         T: Row + for<'b> Deserialize<'b>,
    |            ^^^ required by this bound in `Query::fetch_all`

error[E0277]: the trait bound `SourceLocalizationResult: clickhouse::row::Primi
tive` is not satisfied
   --> src\store.rs:189:23
    |
189 |           let results = self.client
    |  _______________________^
190 | |             .query(&query)
191 | |             .fetch_all::<SourceLocalizationResult>()
    | |____________________________________________________^ unsatisfied trait 
bound
    |
help: the trait `clickhouse::row::Primitive` is not implemented for `SourceLoca
lizationResult`
   --> src\models.rs:43:1
    |
 43 | pub struct SourceLocalizationResult {
    | ^^^^^^^^^^^^^^^^^^^^^^^^^^^^^^^^^^^
    = help: the following other types implement trait `clickhouse::row::Primiti
ve`:
              ()
              bool
              f32
              f64
              i128
              i16
              i32
              i64
            and 9 others
    = note: required for `SourceLocalizationResult` to implement `Row`
note: required by a bound in `clickhouse::query::Query::fetch_all`
   --> C:\Users\y\.cargo\registry\src\index.crates.io-1949cf8c6b5b557f\clickhou
se-0.11.6\src\query.rs:106:12
    |
104 |     pub async fn fetch_all<T>(self) -> Result<Vec<T>>
    |                  --------- required by a bound in this associated functio
n
105 |     where
106 |         T: Row + for<'b> Deserialize<'b>,
    |            ^^^ required by this bound in `Query::fetch_all`

error[E0277]: the trait bound `SourceLocalizationResult: clickhouse::row::Primi
tive` is not satisfied
   --> src\store.rs:192:14
    |
192 |             .await?;
    |              ^^^^^ unsatisfied trait bound
    |
help: the trait `clickhouse::row::Primitive` is not implemented for `SourceLoca
lizationResult`
   --> src\models.rs:43:1
    |
 43 | pub struct SourceLocalizationResult {
    | ^^^^^^^^^^^^^^^^^^^^^^^^^^^^^^^^^^^
    = help: the following other types implement trait `clickhouse::row::Primiti
ve`:
              ()
              bool
              f32
              f64
              i128
              i16
              i32
              i64
            and 9 others
    = note: required for `SourceLocalizationResult` to implement `Row`
note: required by a bound in `clickhouse::query::Query::fetch_all`
   --> C:\Users\y\.cargo\registry\src\index.crates.io-1949cf8c6b5b557f\clickhou
se-0.11.6\src\query.rs:106:12
    |
104 |     pub async fn fetch_all<T>(self) -> Result<Vec<T>>
    |                  --------- required by a bound in this associated functio
n
105 |     where
106 |         T: Row + for<'b> Deserialize<'b>,
    |            ^^^ required by this bound in `Query::fetch_all`

error[E0277]: the trait bound `BeamformingMethod: serde::Serialize` is not sati
sfied
    --> src\config_loader.rs:42:37
     |
  42 | #[derive(Debug, Clone, Deserialize, Serialize)]
     |                                     ^^^^^^^^^ unsatisfied trait bound
...
  48 |     #[serde(deserialize_with = "deserialize_method")]
     |     - required by a bound introduced by this call
     |
help: the trait `Serialize` is not implemented for `BeamformingMethod`
    --> src\localization.rs:7:1
     |
   7 | pub enum BeamformingMethod {
     | ^^^^^^^^^^^^^^^^^^^^^^^^^^
     = note: for local types consider adding `#[derive(serde::Serialize)]` to y
our `BeamformingMethod` type
     = note: for types from other crates check whether the crate offers a `serd
e` feature flag
     = help: the following other types implement trait `Serialize`:
               &'a T
               &'a mut T
               ()
               (T,)
               (T0, T1)
               (T0, T1, T2)
               (T0, T1, T2, T3)
               (T0, T1, T2, T3, T4)
             and 161 others
note: required by a bound in `config_loader::_::_serde::ser::SerializeStruct::s
erialize_field`
    --> C:\Users\y\.cargo\registry\src\index.crates.io-1949cf8c6b5b557f\serde_c
ore-1.0.228\src\ser\mod.rs:1917:21
     |
1915 |     fn serialize_field<T>(&mut self, key: &'static str, value: &T) -> Re
sult<(), Self::Error>
     |        --------------- required by a bound in this associated function
1916 |     where
1917 |         T: ?Sized + Serialize;
     |                     ^^^^^^^^^ required by this bound in `SerializeStruct
::serialize_field`
     = note: this error originates in the derive macro `Serialize` (in Nightly 
builds, run with -Z macro-backtrace for more info)

error[E0308]: mismatched types
   --> src\main.rs:139:33
    |
139 |         alarm_manager: Arc::new(alarm_for_app),
    |                        -------- ^^^^^^^^^^^^^ expected `AlarmWsService`, 
found `Arc<AlarmWsService>`
    |                        |
    |                        arguments to this function are incorrect
    |
    = note: expected struct `AlarmWsService`
               found struct `Arc<AlarmWsService>`
note: associated function defined here
   --> /rustc/ac68faa20c58cbccd01ee7208bf3b6e93a7d7f96/library\alloc\src\sync.r
s:424:11

Some errors have detailed explanations: E0277, E0308, E0433, E0560, E0599.
For more information about an error, try `rustc --explain E0277`.
warning: `urn-acoustics-backend` (bin "urn-acoustics-backend") generated 1 warn
ing
error: could not compile `urn-acoustics-backend` (bin "urn-acoustics-backend") 
due to 31 previous errors; 1 warning emitted
